app/build/intermediates/manifest_merge_blame_file/debug/manifest-merger-blame-debug-report.txt
1<?xml version="1.0" encoding="utf-8"?>
2<manifest xmlns:android="http://schemas.android.com/apk/res/android"
3    package="com.alfaloop.insoleble"
4    android:versionCode="1"
5    android:versionName="1.0" >
6
7    <uses-sdk
8        android:minSdkVersion="21"
8-->src\main\AndroidManifest.xml
9        android:targetSdkVersion="27" />
9-->src\main\AndroidManifest.xml
10
11    <uses-permission android:name="android.permission.BLUETOOTH" />
11-->src\main\AndroidManifest.xml:5:5-68
11-->src\main\AndroidManifest.xml:5:22-65
12    <uses-permission android:name="android.permission.BLUETOOTH_ADMIN" />
12-->src\main\AndroidManifest.xml:6:5-74
12-->src\main\AndroidManifest.xml:6:22-71
13    <uses-permission android:name="android.permission.ACCESS_FINE_LOCATION" />
13-->src\main\AndroidManifest.xml:7:5-79
13-->src\main\AndroidManifest.xml:7:22-76
14    <uses-permission android:name="android.permission.WRITE_EXTERNAL_STORAGE" />
14-->src\main\AndroidManifest.xml:8:5-81
14-->src\main\AndroidManifest.xml:8:22-78
15    <uses-permission android:name="android.permission.READ_PHONE_STATE" />
15-->src\main\AndroidManifest.xml:10:5-75
15-->src\main\AndroidManifest.xml:10:22-72
16    <uses-permission android:name="android.permission.READ_EXTERNAL_STORAGE" />
16-->src\main\AndroidManifest.xml:11:5-80
16-->src\main\AndroidManifest.xml:11:22-77
17    <uses-permission android:name="android.permission.ACCESS_NETWORK_STATE" />
17-->src\main\AndroidManifest.xml:13:5-79
17-->src\main\AndroidManifest.xml:13:22-76
18    <uses-permission android:name="android.permission.INTERNET" />
18-->src\main\AndroidManifest.xml:14:5-67
18-->src\main\AndroidManifest.xml:14:22-64
19
20    <uses-feature android:name="android.hardware.location.gps" />
20-->src\main\AndroidManifest.xml:16:5-66
20-->src\main\AndroidManifest.xml:16:19-63
21    <uses-feature
21-->src\main\AndroidManifest.xml:17:5-19:35
22        android:name="android.hardware.bluetooth_le"
22-->src\main\AndroidManifest.xml:18:9-53
23        android:required="true" />
23-->src\main\AndroidManifest.xml:19:9-32
24
25    <application
25-->src\main\AndroidManifest.xml:21:5-41:19
26        android:allowBackup="true"
26-->src\main\AndroidManifest.xml:22:9-35
27        android:debuggable="true"
28        android:icon="@mipmap/ic_launcher"
28-->src\main\AndroidManifest.xml:23:9-43
29        android:label="@string/app_name"
29-->src\main\AndroidManifest.xml:24:9-41
30        android:roundIcon="@mipmap/ic_launcher_round"
30-->src\main\AndroidManifest.xml:25:9-54
31        android:supportsRtl="true"
31-->src\main\AndroidManifest.xml:26:9-35
32        android:theme="@style/AppTheme" >
32-->src\main\AndroidManifest.xml:27:9-40
33        <activity android:name="com.alfaloop.insoleble.MainActivity" >
33-->src\main\AndroidManifest.xml:28:9-34:20
33-->src\main\AndroidManifest.xml:28:19-47
34            <intent-filter>
34-->src\main\AndroidManifest.xml:29:13-33:29
35                <action android:name="android.intent.action.MAIN" />
35-->src\main\AndroidManifest.xml:30:17-69
35-->src\main\AndroidManifest.xml:30:25-66
36
37                <category android:name="android.intent.category.LAUNCHER" />
37-->src\main\AndroidManifest.xml:32:17-77
37-->src\main\AndroidManifest.xml:32:27-74
38            </intent-filter>
39        </activity>
40        <activity
40-->src\main\AndroidManifest.xml:35:9-37:72
41            android:name="com.alfaloop.insoleble.SettingsActivity"
41-->src\main\AndroidManifest.xml:36:13-45
42            android:label="@string/title_activity_settings" />
42-->src\main\AndroidManifest.xml:37:13-60
43        <activity
43-->src\main\AndroidManifest.xml:38:9-40:69
44            android:name="com.alfaloop.insoleble.AboutActivity"
44-->src\main\AndroidManifest.xml:39:13-42
45            android:label="@string/title_activity_about" />
45-->src\main\AndroidManifest.xml:40:13-57
46    </application>
47
48</manifest>